<?xml version="1.0" encoding="UTF-8"?>
<coverage generated="1709646261736" clover="3.2.0">
  <project timestamp="1709646261736" name="All files">
    <metrics statements="40" coveredstatements="35" conditionals="4" coveredconditionals="2" methods="16" coveredmethods="11" elements="60" coveredelements="48" complexity="0" loc="40" ncloc="40" packages="2" files="9" classes="9"/>
    <package name="components">
      <metrics statements="21" coveredstatements="21" conditionals="4" coveredconditionals="2" methods="9" coveredmethods="9"/>
      <file name="AppHeader.js" path="D:\MyProject\src\components\AppHeader.js">
        <metrics statements="8" coveredstatements="8" conditionals="4" coveredconditionals="2" methods="4" coveredmethods="4"/>
        <line num="7" count="1" type="stmt"/>
        <line num="8" count="5" type="stmt"/>
        <line num="11" count="5" type="stmt"/>
        <line num="12" count="5" type="stmt"/>
        <line num="20" count="5" type="stmt"/>
        <line num="24" count="9" type="stmt"/>
        <line num="26" count="5" type="stmt"/>
        <line num="40" count="1" type="cond" truecount="1" falsecount="1"/>
      </file>
      <file name="Contact.js" path="D:\MyProject\src\components\Contact.js">
        <metrics statements="2" coveredstatements="2" conditionals="0" coveredconditionals="0" methods="1" coveredmethods="1"/>
        <line num="1" count="1" type="stmt"/>
        <line num="2" count="4" type="stmt"/>
      </file>
      <file name="RestarantCard.js" path="D:\MyProject\src\components\RestarantCard.js">
        <metrics statements="9" coveredstatements="9" conditionals="0" coveredconditionals="0" methods="3" coveredmethods="3"/>
        <line num="8" count="1" type="stmt"/>
        <line num="9" count="1" type="stmt"/>
        <line num="10" count="1" type="stmt"/>
        <line num="12" count="1" type="stmt"/>
        <line num="16" count="1" type="stmt"/>
        <line num="19" count="1" type="stmt"/>
        <line num="37" count="1" type="stmt"/>
        <line num="38" count="1" type="stmt"/>
        <line num="39" count="1" type="stmt"/>
      </file>
      <file name="sum.js" path="D:\MyProject\src\components\sum.js">
        <metrics statements="2" coveredstatements="2" conditionals="0" coveredconditionals="0" methods="1" coveredmethods="1"/>
        <line num="1" count="1" type="stmt"/>
        <line num="2" count="1" type="stmt"/>
      </file>
    </package>
    <package name="utils">
      <metrics statements="19" coveredstatements="14" conditionals="0" coveredconditionals="0" methods="7" coveredmethods="2"/>
      <file name="appStore.js" path="D:\MyProject\src\utils\appStore.js">
        <metrics statements="1" coveredstatements="1" conditionals="0" coveredconditionals="0" methods="0" coveredmethods="0"/>
        <line num="4" count="1" type="stmt"/>
      </file>
      <file name="cartSlice.js" path="D:\MyProject\src\utils\cartSlice.js">
        <metrics statements="5" coveredstatements="2" conditionals="0" coveredconditionals="0" methods="3" coveredmethods="0"/>
        <line num="3" count="1" type="stmt"/>
        <line num="11" count="0" type="stmt"/>
        <line num="14" count="0" type="stmt"/>
        <line num="17" count="0" type="stmt"/>
        <line num="23" count="1" type="stmt"/>
      </file>
      <file name="constants.js" path="D:\MyProject\src\utils\constants.js">
        <metrics statements="4" coveredstatements="4" conditionals="0" coveredconditionals="0" methods="0" coveredmethods="0"/>
        <line num="1" count="2" type="stmt"/>
        <line num="3" count="2" type="stmt"/>
        <line num="6" count="2" type="stmt"/>
        <line num="13" count="2" type="stmt"/>
      </file>
      <file name="useOnlineStatus.js" path="D:\MyProject\src\utils\useOnlineStatus.js">
        <metrics statements="8" coveredstatements="6" conditionals="0" coveredconditionals="0" methods="4" coveredmethods="2"/>
        <line num="2" count="1" type="stmt"/>
        <line num="4" count="5" type="stmt"/>
        <line num="6" count="5" type="stmt"/>
        <line num="7" count="4" type="stmt"/>
        <line num="8" count="0" type="stmt"/>
        <line num="11" count="4" type="stmt"/>
        <line num="12" count="0" type="stmt"/>
        <line num="17" count="5" type="stmt"/>
      </file>
      <file name="userContext.js" path="D:\MyProject\src\utils\userContext.js">
        <metrics statements="1" coveredstatements="1" conditionals="0" coveredconditionals="0" methods="0" coveredmethods="0"/>
        <line num="3" count="2" type="stmt"/>
      </file>
    </package>
  </project>
</coverage>
