{"D:\\MyProject\\src\\components\\AppBody.js": {"path":"D:\\MyProject\\src\\components\\AppBody.js","statementMap":{"0":{"start":{"line":12,"column":16},"end":{"line":113,"column":1}},"1":{"start":{"line":15,"column":52},"end":{"line":15,"column":64}},"2":{"start":{"line":16,"column":48},"end":{"line":16,"column":60}},"3":{"start":{"line":17,"column":42},"end":{"line":17,"column":54}},"4":{"start":{"line":18,"column":40},"end":{"line":18,"column":52}},"5":{"start":{"line":21,"column":38},"end":{"line":21,"column":73}},"6":{"start":{"line":25,"column":19},"end":{"line":25,"column":38}},"7":{"start":{"line":26,"column":46},"end":{"line":26,"column":64}},"8":{"start":{"line":28,"column":4},"end":{"line":34,"column":18}},"9":{"start":{"line":29,"column":4},"end":{"line":33,"column":5}},"10":{"start":{"line":30,"column":8},"end":{"line":30,"column":107}},"11":{"start":{"line":31,"column":8},"end":{"line":31,"column":105}},"12":{"start":{"line":32,"column":8},"end":{"line":32,"column":94}},"13":{"start":{"line":36,"column":25},"end":{"line":36,"column":42}},"14":{"start":{"line":38,"column":4},"end":{"line":40,"column":5}},"15":{"start":{"line":39,"column":8},"end":{"line":39,"column":90}},"16":{"start":{"line":42,"column":40},"end":{"line":42,"column":63}},"17":{"start":{"line":44,"column":4},"end":{"line":112,"column":5}},"18":{"start":{"line":52,"column":20},"end":{"line":54,"column":21}},"19":{"start":{"line":63,"column":20},"end":{"line":63,"column":50}},"20":{"start":{"line":68,"column":42},"end":{"line":70,"column":21}},"21":{"start":{"line":69,"column":36},"end":{"line":69,"column":101}},"22":{"start":{"line":71,"column":20},"end":{"line":71,"column":53}},"23":{"start":{"line":72,"column":20},"end":{"line":77,"column":21}},"24":{"start":{"line":73,"column":24},"end":{"line":73,"column":55}},"25":{"start":{"line":75,"column":24},"end":{"line":75,"column":42}},"26":{"start":{"line":76,"column":24},"end":{"line":76,"column":60}},"27":{"start":{"line":82,"column":41},"end":{"line":82,"column":97}},"28":{"start":{"line":82,"column":74},"end":{"line":82,"column":96}},"29":{"start":{"line":85,"column":20},"end":{"line":85,"column":52}},"30":{"start":{"line":88,"column":95},"end":{"line":88,"column":122}},"31":{"start":{"line":95,"column":24},"end":{"line":107,"column":25}}},"fnMap":{"0":{"name":"(anonymous_0)","decl":{"start":{"line":12,"column":16},"end":{"line":12,"column":17}},"loc":{"start":{"line":12,"column":22},"end":{"line":113,"column":1}},"line":12},"1":{"name":"(anonymous_1)","decl":{"start":{"line":28,"column":14},"end":{"line":28,"column":15}},"loc":{"start":{"line":28,"column":20},"end":{"line":34,"column":5}},"line":28},"2":{"name":"(anonymous_2)","decl":{"start":{"line":51,"column":32},"end":{"line":51,"column":33}},"loc":{"start":{"line":51,"column":49},"end":{"line":55,"column":17}},"line":51},"3":{"name":"(anonymous_3)","decl":{"start":{"line":62,"column":115},"end":{"line":62,"column":116}},"loc":{"start":{"line":62,"column":122},"end":{"line":64,"column":17}},"line":62},"4":{"name":"(anonymous_4)","decl":{"start":{"line":65,"column":58},"end":{"line":65,"column":59}},"loc":{"start":{"line":65,"column":64},"end":{"line":78,"column":17}},"line":65},"5":{"name":"(anonymous_5)","decl":{"start":{"line":69,"column":24},"end":{"line":69,"column":25}},"loc":{"start":{"line":69,"column":36},"end":{"line":69,"column":101}},"line":69},"6":{"name":"(anonymous_6)","decl":{"start":{"line":80,"column":83},"end":{"line":80,"column":84}},"loc":{"start":{"line":80,"column":89},"end":{"line":86,"column":17}},"line":80},"7":{"name":"(anonymous_7)","decl":{"start":{"line":82,"column":65},"end":{"line":82,"column":66}},"loc":{"start":{"line":82,"column":74},"end":{"line":82,"column":96}},"line":82},"8":{"name":"(anonymous_8)","decl":{"start":{"line":88,"column":87},"end":{"line":88,"column":88}},"loc":{"start":{"line":88,"column":94},"end":{"line":88,"column":123}},"line":88},"9":{"name":"(anonymous_9)","decl":{"start":{"line":94,"column":39},"end":{"line":94,"column":40}},"loc":{"start":{"line":94,"column":51},"end":{"line":108,"column":21}},"line":94}},"branchMap":{"0":{"loc":{"start":{"line":29,"column":4},"end":{"line":33,"column":5}},"type":"if","locations":[{"start":{"line":29,"column":4},"end":{"line":33,"column":5}},{"start":{},"end":{}}],"line":29},"1":{"loc":{"start":{"line":38,"column":4},"end":{"line":40,"column":5}},"type":"if","locations":[{"start":{"line":38,"column":4},"end":{"line":40,"column":5}},{"start":{},"end":{}}],"line":38},"2":{"loc":{"start":{"line":44,"column":11},"end":{"line":112,"column":5}},"type":"cond-expr","locations":[{"start":{"line":44,"column":44},"end":{"line":44,"column":55}},{"start":{"line":45,"column":8},"end":{"line":111,"column":14}}],"line":44},"3":{"loc":{"start":{"line":72,"column":20},"end":{"line":77,"column":21}},"type":"if","locations":[{"start":{"line":72,"column":20},"end":{"line":77,"column":21}},{"start":{},"end":{}}],"line":72},"4":{"loc":{"start":{"line":102,"column":36},"end":{"line":102,"column":142}},"type":"cond-expr","locations":[{"start":{"line":102,"column":57},"end":{"line":102,"column":104}},{"start":{"line":102,"column":107},"end":{"line":102,"column":142}}],"line":102}},"s":{"0":1,"1":7,"2":7,"3":7,"4":7,"5":7,"6":7,"7":7,"8":7,"9":4,"10":2,"11":2,"12":2,"13":7,"14":7,"15":0,"16":7,"17":7,"18":60,"19":0,"20":0,"21":0,"22":0,"23":0,"24":0,"25":0,"26":0,"27":1,"28":20,"29":1,"30":0,"31":55},"f":{"0":7,"1":4,"2":60,"3":0,"4":0,"5":0,"6":1,"7":20,"8":0,"9":55},"b":{"0":[2,2],"1":[0,7],"2":[4,3],"3":[0,0],"4":[55,0]},"_coverageSchema":"1a1c01bbd47fc00a2c39e90264f33305004495a9","hash":"02d593ff1f561943d7b9b12f0af6c36dbf831d81"}
,"D:\\MyProject\\src\\components\\AppCart.js": {"path":"D:\\MyProject\\src\\components\\AppCart.js","statementMap":{"0":{"start":{"line":6,"column":16},"end":{"line":29,"column":1}},"1":{"start":{"line":8,"column":22},"end":{"line":8,"column":62}},"2":{"start":{"line":8,"column":45},"end":{"line":8,"column":61}},"3":{"start":{"line":9,"column":21},"end":{"line":9,"column":34}},"4":{"start":{"line":11,"column":28},"end":{"line":14,"column":5}},"5":{"start":{"line":12,"column":8},"end":{"line":12,"column":31}},"6":{"start":{"line":16,"column":4},"end":{"line":28,"column":6}}},"fnMap":{"0":{"name":"(anonymous_0)","decl":{"start":{"line":6,"column":16},"end":{"line":6,"column":17}},"loc":{"start":{"line":6,"column":22},"end":{"line":29,"column":1}},"line":6},"1":{"name":"(anonymous_1)","decl":{"start":{"line":8,"column":34},"end":{"line":8,"column":35}},"loc":{"start":{"line":8,"column":45},"end":{"line":8,"column":61}},"line":8},"2":{"name":"(anonymous_2)","decl":{"start":{"line":11,"column":28},"end":{"line":11,"column":29}},"loc":{"start":{"line":11,"column":34},"end":{"line":14,"column":5}},"line":11}},"branchMap":{"0":{"loc":{"start":{"line":22,"column":13},"end":{"line":22,"column":104}},"type":"binary-expr","locations":[{"start":{"line":22,"column":13},"end":{"line":22,"column":35}},{"start":{"line":22,"column":39},"end":{"line":22,"column":104}}],"line":22},"1":{"loc":{"start":{"line":24,"column":13},"end":{"line":24,"column":138}},"type":"binary-expr","locations":[{"start":{"line":24,"column":13},"end":{"line":24,"column":34}},{"start":{"line":24,"column":38},"end":{"line":24,"column":138}}],"line":24},"2":{"loc":{"start":{"line":25,"column":13},"end":{"line":25,"column":152}},"type":"binary-expr","locations":[{"start":{"line":25,"column":13},"end":{"line":25,"column":34}},{"start":{"line":25,"column":38},"end":{"line":25,"column":152}}],"line":25}},"s":{"0":1,"1":3,"2":6,"3":3,"4":3,"5":1,"6":3},"f":{"0":3,"1":6,"2":1},"b":{"0":[3,2],"1":[3,1],"2":[3,1]},"_coverageSchema":"1a1c01bbd47fc00a2c39e90264f33305004495a9","hash":"08febbdc0fc797afb000205977515d4a54ab51cf"}
,"D:\\MyProject\\src\\components\\AppHeader.js": {"path":"D:\\MyProject\\src\\components\\AppHeader.js","statementMap":{"0":{"start":{"line":7,"column":18},"end":{"line":46,"column":1}},"1":{"start":{"line":8,"column":42},"end":{"line":8,"column":59}},"2":{"start":{"line":11,"column":27},"end":{"line":11,"column":50}},"3":{"start":{"line":12,"column":4},"end":{"line":14,"column":23}},"4":{"start":{"line":20,"column":25},"end":{"line":20,"column":42}},"5":{"start":{"line":24,"column":17},"end":{"line":24,"column":61}},"6":{"start":{"line":24,"column":42},"end":{"line":24,"column":60}},"7":{"start":{"line":26,"column":4},"end":{"line":45,"column":5}},"8":{"start":{"line":40,"column":24},"end":{"line":40,"column":104}}},"fnMap":{"0":{"name":"(anonymous_0)","decl":{"start":{"line":7,"column":18},"end":{"line":7,"column":19}},"loc":{"start":{"line":7,"column":24},"end":{"line":46,"column":1}},"line":7},"1":{"name":"(anonymous_1)","decl":{"start":{"line":12,"column":14},"end":{"line":12,"column":15}},"loc":{"start":{"line":12,"column":18},"end":{"line":14,"column":5}},"line":12},"2":{"name":"(anonymous_2)","decl":{"start":{"line":24,"column":29},"end":{"line":24,"column":30}},"loc":{"start":{"line":24,"column":42},"end":{"line":24,"column":60}},"line":24},"3":{"name":"(anonymous_3)","decl":{"start":{"line":39,"column":59},"end":{"line":39,"column":60}},"loc":{"start":{"line":39,"column":65},"end":{"line":41,"column":21}},"line":39}},"branchMap":{"0":{"loc":{"start":{"line":33,"column":40},"end":{"line":33,"column":64}},"type":"cond-expr","locations":[{"start":{"line":33,"column":55},"end":{"line":33,"column":58}},{"start":{"line":33,"column":61},"end":{"line":33,"column":64}}],"line":33},"1":{"loc":{"start":{"line":40,"column":24},"end":{"line":40,"column":103}},"type":"cond-expr","locations":[{"start":{"line":40,"column":51},"end":{"line":40,"column":76}},{"start":{"line":40,"column":79},"end":{"line":40,"column":103}}],"line":40}},"s":{"0":1,"1":3,"2":3,"3":3,"4":3,"5":3,"6":6,"7":3,"8":0},"f":{"0":3,"1":1,"2":6,"3":0},"b":{"0":[3,0],"1":[0,0]},"_coverageSchema":"1a1c01bbd47fc00a2c39e90264f33305004495a9","hash":"3ba47c8e18fe25227186a56677319f1f2643d772"}
,"D:\\MyProject\\src\\components\\Contact.js": {"path":"D:\\MyProject\\src\\components\\Contact.js","statementMap":{"0":{"start":{"line":1,"column":16},"end":{"line":13,"column":1}},"1":{"start":{"line":2,"column":4},"end":{"line":12,"column":5}}},"fnMap":{"0":{"name":"(anonymous_0)","decl":{"start":{"line":1,"column":16},"end":{"line":1,"column":17}},"loc":{"start":{"line":1,"column":22},"end":{"line":13,"column":1}},"line":1}},"branchMap":{},"s":{"0":1,"1":4},"f":{"0":4},"b":{},"_coverageSchema":"1a1c01bbd47fc00a2c39e90264f33305004495a9","hash":"97c3cfed524043e6a728f630a217a005971e1f8e"}
,"D:\\MyProject\\src\\components\\ItemList.js": {"path":"D:\\MyProject\\src\\components\\ItemList.js","statementMap":{"0":{"start":{"line":6,"column":17},"end":{"line":34,"column":1}},"1":{"start":{"line":8,"column":21},"end":{"line":8,"column":34}},"2":{"start":{"line":10,"column":26},"end":{"line":13,"column":5}},"3":{"start":{"line":12,"column":8},"end":{"line":12,"column":34}},"4":{"start":{"line":14,"column":4},"end":{"line":33,"column":5}},"5":{"start":{"line":18,"column":40},"end":{"line":29,"column":26}},"6":{"start":{"line":27,"column":43},"end":{"line":27,"column":62}}},"fnMap":{"0":{"name":"(anonymous_0)","decl":{"start":{"line":6,"column":17},"end":{"line":6,"column":18}},"loc":{"start":{"line":6,"column":30},"end":{"line":34,"column":1}},"line":6},"1":{"name":"(anonymous_1)","decl":{"start":{"line":10,"column":26},"end":{"line":10,"column":27}},"loc":{"start":{"line":10,"column":36},"end":{"line":13,"column":5}},"line":10},"2":{"name":"(anonymous_2)","decl":{"start":{"line":18,"column":30},"end":{"line":18,"column":31}},"loc":{"start":{"line":18,"column":40},"end":{"line":29,"column":26}},"line":18},"3":{"name":"(anonymous_3)","decl":{"start":{"line":27,"column":37},"end":{"line":27,"column":38}},"loc":{"start":{"line":27,"column":43},"end":{"line":27,"column":62}},"line":27}},"branchMap":{"0":{"loc":{"start":{"line":21,"column":61},"end":{"line":21,"column":120}},"type":"binary-expr","locations":[{"start":{"line":21,"column":61},"end":{"line":21,"column":85}},{"start":{"line":21,"column":89},"end":{"line":21,"column":120}}],"line":21}},"s":{"0":1,"1":4,"2":4,"3":1,"4":4,"5":11,"6":1},"f":{"0":4,"1":1,"2":11,"3":1},"b":{"0":[11,0]},"_coverageSchema":"1a1c01bbd47fc00a2c39e90264f33305004495a9","hash":"9d22e3438bb7c9cce17cf2aeaed411fd749fe2b5"}
,"D:\\MyProject\\src\\components\\RestarantCard.js": {"path":"D:\\MyProject\\src\\components\\RestarantCard.js","statementMap":{"0":{"start":{"line":8,"column":22},"end":{"line":32,"column":1}},"1":{"start":{"line":9,"column":22},"end":{"line":9,"column":27}},"2":{"start":{"line":10,"column":21},"end":{"line":10,"column":44}},"3":{"start":{"line":16,"column":81},"end":{"line":16,"column":94}},"4":{"start":{"line":19,"column":4},"end":{"line":31,"column":5}},"5":{"start":{"line":37,"column":36},"end":{"line":46,"column":1}},"6":{"start":{"line":38,"column":4},"end":{"line":45,"column":5}},"7":{"start":{"line":39,"column":8},"end":{"line":44,"column":9}}},"fnMap":{"0":{"name":"(anonymous_0)","decl":{"start":{"line":8,"column":22},"end":{"line":8,"column":23}},"loc":{"start":{"line":8,"column":33},"end":{"line":32,"column":1}},"line":8},"1":{"name":"(anonymous_1)","decl":{"start":{"line":37,"column":36},"end":{"line":37,"column":37}},"loc":{"start":{"line":37,"column":55},"end":{"line":46,"column":1}},"line":37},"2":{"name":"(anonymous_2)","decl":{"start":{"line":38,"column":10},"end":{"line":38,"column":11}},"loc":{"start":{"line":38,"column":21},"end":{"line":45,"column":5}},"line":38}},"branchMap":{},"s":{"0":2,"1":56,"2":56,"3":56,"4":56,"5":2,"6":8,"7":56},"f":{"0":56,"1":8,"2":56},"b":{},"_coverageSchema":"1a1c01bbd47fc00a2c39e90264f33305004495a9","hash":"cdc55043b005df1aca1ba0f2a6654d0cb815a29e"}
,"D:\\MyProject\\src\\components\\RestrarauntMenu.js": {"path":"D:\\MyProject\\src\\components\\RestrarauntMenu.js","statementMap":{"0":{"start":{"line":8,"column":24},"end":{"line":52,"column":1}},"1":{"start":{"line":9,"column":37},"end":{"line":9,"column":51}},"2":{"start":{"line":10,"column":34},"end":{"line":10,"column":47}},"3":{"start":{"line":12,"column":16},"end":{"line":12,"column":28}},"4":{"start":{"line":15,"column":20},"end":{"line":15,"column":31}},"5":{"start":{"line":16,"column":18},"end":{"line":16,"column":42}},"6":{"start":{"line":18,"column":2},"end":{"line":18,"column":43}},"7":{"start":{"line":18,"column":24},"end":{"line":18,"column":43}},"8":{"start":{"line":20,"column":75},"end":{"line":20,"column":110}},"9":{"start":{"line":22,"column":24},"end":{"line":22,"column":99}},"10":{"start":{"line":24,"column":21},"end":{"line":24,"column":185}},"11":{"start":{"line":24,"column":94},"end":{"line":24,"column":184}},"12":{"start":{"line":27,"column":26},"end":{"line":30,"column":3}},"13":{"start":{"line":28,"column":4},"end":{"line":28,"column":53}},"14":{"start":{"line":29,"column":4},"end":{"line":29,"column":49}},"15":{"start":{"line":32,"column":2},"end":{"line":51,"column":4}},"16":{"start":{"line":42,"column":47},"end":{"line":47,"column":12}},"17":{"start":{"line":46,"column":35},"end":{"line":46,"column":57}}},"fnMap":{"0":{"name":"(anonymous_0)","decl":{"start":{"line":8,"column":24},"end":{"line":8,"column":25}},"loc":{"start":{"line":8,"column":30},"end":{"line":52,"column":1}},"line":8},"1":{"name":"(anonymous_1)","decl":{"start":{"line":24,"column":89},"end":{"line":24,"column":90}},"loc":{"start":{"line":24,"column":94},"end":{"line":24,"column":184}},"line":24},"2":{"name":"(anonymous_2)","decl":{"start":{"line":27,"column":26},"end":{"line":27,"column":27}},"loc":{"start":{"line":27,"column":37},"end":{"line":30,"column":3}},"line":27},"3":{"name":"(anonymous_3)","decl":{"start":{"line":42,"column":25},"end":{"line":42,"column":26}},"loc":{"start":{"line":42,"column":47},"end":{"line":47,"column":12}},"line":42},"4":{"name":"(anonymous_4)","decl":{"start":{"line":46,"column":29},"end":{"line":46,"column":30}},"loc":{"start":{"line":46,"column":35},"end":{"line":46,"column":57}},"line":46}},"branchMap":{"0":{"loc":{"start":{"line":18,"column":2},"end":{"line":18,"column":43}},"type":"if","locations":[{"start":{"line":18,"column":2},"end":{"line":18,"column":43}},{"start":{},"end":{}}],"line":18},"1":{"loc":{"start":{"line":28,"column":17},"end":{"line":28,"column":51}},"type":"cond-expr","locations":[{"start":{"line":28,"column":39},"end":{"line":28,"column":43}},{"start":{"line":28,"column":46},"end":{"line":28,"column":51}}],"line":28},"2":{"loc":{"start":{"line":29,"column":16},"end":{"line":29,"column":47}},"type":"cond-expr","locations":[{"start":{"line":29,"column":38},"end":{"line":29,"column":41}},{"start":{"line":29,"column":44},"end":{"line":29,"column":47}}],"line":29},"3":{"loc":{"start":{"line":45,"column":23},"end":{"line":45,"column":50}},"type":"binary-expr","locations":[{"start":{"line":45,"column":23},"end":{"line":45,"column":42}},{"start":{"line":45,"column":46},"end":{"line":45,"column":50}}],"line":45}},"s":{"0":1,"1":3,"2":3,"3":3,"4":3,"5":3,"6":3,"7":1,"8":2,"9":2,"10":2,"11":22,"12":2,"13":1,"14":1,"15":2,"16":6,"17":1},"f":{"0":3,"1":22,"2":1,"3":6,"4":1},"b":{"0":[1,2],"1":[0,1],"2":[0,1],"3":[6,1]},"_coverageSchema":"1a1c01bbd47fc00a2c39e90264f33305004495a9","hash":"f55d590c14af6c4c0240f02a6872085ad0dec557"}
,"D:\\MyProject\\src\\utils\\appStore.js": {"path":"D:\\MyProject\\src\\utils\\appStore.js","statementMap":{"0":{"start":{"line":4,"column":17},"end":{"line":8,"column":2}}},"fnMap":{},"branchMap":{},"s":{"0":1},"f":{},"b":{},"_coverageSchema":"1a1c01bbd47fc00a2c39e90264f33305004495a9","hash":"2fd7f5b766e59eaf5ceaa0074cd86be071c87e62"}
}
