{"D:\\MyProject\\src\\components\\AppHeader.js": {"path":"D:\\MyProject\\src\\components\\AppHeader.js","statementMap":{"0":{"start":{"line":7,"column":18},"end":{"line":46,"column":1}},"1":{"start":{"line":8,"column":42},"end":{"line":8,"column":59}},"2":{"start":{"line":11,"column":27},"end":{"line":11,"column":50}},"3":{"start":{"line":12,"column":4},"end":{"line":14,"column":23}},"4":{"start":{"line":20,"column":25},"end":{"line":20,"column":42}},"5":{"start":{"line":24,"column":17},"end":{"line":24,"column":61}},"6":{"start":{"line":24,"column":42},"end":{"line":24,"column":60}},"7":{"start":{"line":26,"column":4},"end":{"line":45,"column":5}},"8":{"start":{"line":40,"column":24},"end":{"line":40,"column":104}}},"fnMap":{"0":{"name":"(anonymous_0)","decl":{"start":{"line":7,"column":18},"end":{"line":7,"column":19}},"loc":{"start":{"line":7,"column":24},"end":{"line":46,"column":1}},"line":7},"1":{"name":"(anonymous_1)","decl":{"start":{"line":12,"column":14},"end":{"line":12,"column":15}},"loc":{"start":{"line":12,"column":18},"end":{"line":14,"column":5}},"line":12},"2":{"name":"(anonymous_2)","decl":{"start":{"line":24,"column":29},"end":{"line":24,"column":30}},"loc":{"start":{"line":24,"column":42},"end":{"line":24,"column":60}},"line":24},"3":{"name":"(anonymous_3)","decl":{"start":{"line":39,"column":59},"end":{"line":39,"column":60}},"loc":{"start":{"line":39,"column":65},"end":{"line":41,"column":21}},"line":39}},"branchMap":{"0":{"loc":{"start":{"line":33,"column":40},"end":{"line":33,"column":64}},"type":"cond-expr","locations":[{"start":{"line":33,"column":55},"end":{"line":33,"column":58}},{"start":{"line":33,"column":61},"end":{"line":33,"column":64}}],"line":33},"1":{"loc":{"start":{"line":40,"column":24},"end":{"line":40,"column":103}},"type":"cond-expr","locations":[{"start":{"line":40,"column":51},"end":{"line":40,"column":76}},{"start":{"line":40,"column":79},"end":{"line":40,"column":103}}],"line":40}},"s":{"0":1,"1":5,"2":5,"3":5,"4":5,"5":5,"6":9,"7":5,"8":1},"f":{"0":5,"1":5,"2":9,"3":1},"b":{"0":[5,0],"1":[1,0]},"_coverageSchema":"1a1c01bbd47fc00a2c39e90264f33305004495a9","hash":"3ba47c8e18fe25227186a56677319f1f2643d772"}
,"D:\\MyProject\\src\\components\\Contact.js": {"path":"D:\\MyProject\\src\\components\\Contact.js","statementMap":{"0":{"start":{"line":1,"column":16},"end":{"line":13,"column":1}},"1":{"start":{"line":2,"column":4},"end":{"line":12,"column":5}}},"fnMap":{"0":{"name":"(anonymous_0)","decl":{"start":{"line":1,"column":16},"end":{"line":1,"column":17}},"loc":{"start":{"line":1,"column":22},"end":{"line":13,"column":1}},"line":1}},"branchMap":{},"s":{"0":1,"1":4},"f":{"0":4},"b":{},"_coverageSchema":"1a1c01bbd47fc00a2c39e90264f33305004495a9","hash":"97c3cfed524043e6a728f630a217a005971e1f8e"}
,"D:\\MyProject\\src\\components\\RestarantCard.js": {"path":"D:\\MyProject\\src\\components\\RestarantCard.js","statementMap":{"0":{"start":{"line":8,"column":22},"end":{"line":32,"column":1}},"1":{"start":{"line":9,"column":22},"end":{"line":9,"column":27}},"2":{"start":{"line":10,"column":21},"end":{"line":10,"column":44}},"3":{"start":{"line":12,"column":4},"end":{"line":12,"column":25}},"4":{"start":{"line":16,"column":81},"end":{"line":16,"column":94}},"5":{"start":{"line":19,"column":4},"end":{"line":31,"column":5}},"6":{"start":{"line":37,"column":36},"end":{"line":46,"column":1}},"7":{"start":{"line":38,"column":4},"end":{"line":45,"column":5}},"8":{"start":{"line":39,"column":8},"end":{"line":44,"column":9}}},"fnMap":{"0":{"name":"(anonymous_0)","decl":{"start":{"line":8,"column":22},"end":{"line":8,"column":23}},"loc":{"start":{"line":8,"column":33},"end":{"line":32,"column":1}},"line":8},"1":{"name":"(anonymous_1)","decl":{"start":{"line":37,"column":36},"end":{"line":37,"column":37}},"loc":{"start":{"line":37,"column":55},"end":{"line":46,"column":1}},"line":37},"2":{"name":"(anonymous_2)","decl":{"start":{"line":38,"column":10},"end":{"line":38,"column":11}},"loc":{"start":{"line":38,"column":21},"end":{"line":45,"column":5}},"line":38}},"branchMap":{},"s":{"0":1,"1":1,"2":1,"3":1,"4":1,"5":1,"6":1,"7":1,"8":1},"f":{"0":1,"1":1,"2":1},"b":{},"_coverageSchema":"1a1c01bbd47fc00a2c39e90264f33305004495a9","hash":"85a4e965a4fc600fc91e53dec1152d05a23f8ce8"}
,"D:\\MyProject\\src\\components\\sum.js": {"path":"D:\\MyProject\\src\\components\\sum.js","statementMap":{"0":{"start":{"line":1,"column":19},"end":{"line":3,"column":1}},"1":{"start":{"line":2,"column":4},"end":{"line":2,"column":19}}},"fnMap":{"0":{"name":"(anonymous_0)","decl":{"start":{"line":1,"column":19},"end":{"line":1,"column":20}},"loc":{"start":{"line":1,"column":28},"end":{"line":3,"column":1}},"line":1}},"branchMap":{},"s":{"0":1,"1":1},"f":{"0":1},"b":{},"_coverageSchema":"1a1c01bbd47fc00a2c39e90264f33305004495a9","hash":"87cd9bfb45fca9ba0111d83e0613f8f662ebc0d6"}
,"D:\\MyProject\\src\\utils\\appStore.js": {"path":"D:\\MyProject\\src\\utils\\appStore.js","statementMap":{"0":{"start":{"line":4,"column":17},"end":{"line":8,"column":2}}},"fnMap":{},"branchMap":{},"s":{"0":1},"f":{},"b":{},"_coverageSchema":"1a1c01bbd47fc00a2c39e90264f33305004495a9","hash":"2fd7f5b766e59eaf5ceaa0074cd86be071c87e62"}
,"D:\\MyProject\\src\\utils\\cartSlice.js": {"path":"D:\\MyProject\\src\\utils\\cartSlice.js","statementMap":{"0":{"start":{"line":3,"column":18},"end":{"line":21,"column":2}},"1":{"start":{"line":11,"column":12},"end":{"line":11,"column":45}},"2":{"start":{"line":14,"column":12},"end":{"line":14,"column":30}},"3":{"start":{"line":17,"column":12},"end":{"line":17,"column":35}},"4":{"start":{"line":23,"column":56},"end":{"line":23,"column":73}}},"fnMap":{"0":{"name":"(anonymous_0)","decl":{"start":{"line":9,"column":19},"end":{"line":9,"column":20}},"loc":{"start":{"line":9,"column":38},"end":{"line":12,"column":9}},"line":9},"1":{"name":"(anonymous_1)","decl":{"start":{"line":13,"column":24},"end":{"line":13,"column":25}},"loc":{"start":{"line":13,"column":35},"end":{"line":15,"column":9}},"line":13},"2":{"name":"(anonymous_2)","decl":{"start":{"line":16,"column":20},"end":{"line":16,"column":21}},"loc":{"start":{"line":16,"column":29},"end":{"line":18,"column":9}},"line":16}},"branchMap":{},"s":{"0":1,"1":0,"2":0,"3":0,"4":1},"f":{"0":0,"1":0,"2":0},"b":{},"_coverageSchema":"1a1c01bbd47fc00a2c39e90264f33305004495a9","hash":"2eae685233697afed2cb63cf7cf5088181c89e0c"}
,"D:\\MyProject\\src\\utils\\constants.js": {"path":"D:\\MyProject\\src\\utils\\constants.js","statementMap":{"0":{"start":{"line":1,"column":23},"end":{"line":1,"column":106}},"1":{"start":{"line":3,"column":24},"end":{"line":3,"column":212}},"2":{"start":{"line":6,"column":25},"end":{"line":6,"column":169}},"3":{"start":{"line":13,"column":35},"end":{"line":13,"column":173}}},"fnMap":{},"branchMap":{},"s":{"0":2,"1":2,"2":2,"3":2},"f":{},"b":{},"_coverageSchema":"1a1c01bbd47fc00a2c39e90264f33305004495a9","hash":"dc1ee6208b58fd00c036d7ab301fc5e325ada134"}
,"D:\\MyProject\\src\\utils\\useOnlineStatus.js": {"path":"D:\\MyProject\\src\\utils\\useOnlineStatus.js","statementMap":{"0":{"start":{"line":2,"column":24},"end":{"line":18,"column":1}},"1":{"start":{"line":4,"column":45},"end":{"line":4,"column":59}},"2":{"start":{"line":6,"column":4},"end":{"line":15,"column":10}},"3":{"start":{"line":7,"column":8},"end":{"line":9,"column":13}},"4":{"start":{"line":8,"column":12},"end":{"line":8,"column":36}},"5":{"start":{"line":11,"column":10},"end":{"line":13,"column":13}},"6":{"start":{"line":12,"column":12},"end":{"line":12,"column":35}},"7":{"start":{"line":17,"column":4},"end":{"line":17,"column":24}}},"fnMap":{"0":{"name":"(anonymous_0)","decl":{"start":{"line":2,"column":24},"end":{"line":2,"column":25}},"loc":{"start":{"line":2,"column":30},"end":{"line":18,"column":1}},"line":2},"1":{"name":"(anonymous_1)","decl":{"start":{"line":6,"column":14},"end":{"line":6,"column":15}},"loc":{"start":{"line":6,"column":18},"end":{"line":15,"column":5}},"line":6},"2":{"name":"(anonymous_2)","decl":{"start":{"line":7,"column":43},"end":{"line":7,"column":44}},"loc":{"start":{"line":7,"column":54},"end":{"line":9,"column":11}},"line":7},"3":{"name":"(anonymous_3)","decl":{"start":{"line":11,"column":44},"end":{"line":11,"column":45}},"loc":{"start":{"line":11,"column":56},"end":{"line":13,"column":11}},"line":11}},"branchMap":{},"s":{"0":1,"1":5,"2":5,"3":4,"4":0,"5":4,"6":0,"7":5},"f":{"0":5,"1":4,"2":0,"3":0},"b":{},"_coverageSchema":"1a1c01bbd47fc00a2c39e90264f33305004495a9","hash":"6e7a179068e22615eed9151839ce5c5c3c7e670c"}
,"D:\\MyProject\\src\\utils\\userContext.js": {"path":"D:\\MyProject\\src\\utils\\userContext.js","statementMap":{"0":{"start":{"line":3,"column":20},"end":{"line":7,"column":1}}},"fnMap":{},"branchMap":{},"s":{"0":2},"f":{},"b":{},"_coverageSchema":"1a1c01bbd47fc00a2c39e90264f33305004495a9","hash":"63a94bbd76cceb29b7f05afaad859d5788756694"}
}
