TN:
SF:src\components\AppBody.js
FN:12,(anonymous_0)
FN:28,(anonymous_1)
FN:51,(anonymous_2)
FN:62,(anonymous_3)
FN:65,(anonymous_4)
FN:69,(anonymous_5)
FN:80,(anonymous_6)
FN:82,(anonymous_7)
FN:88,(anonymous_8)
FN:94,(anonymous_9)
FNF:10
FNH:6
FNDA:7,(anonymous_0)
FNDA:4,(anonymous_1)
FNDA:60,(anonymous_2)
FNDA:0,(anonymous_3)
FNDA:0,(anonymous_4)
FNDA:0,(anonymous_5)
FNDA:1,(anonymous_6)
FNDA:20,(anonymous_7)
FNDA:0,(anonymous_8)
FNDA:55,(anonymous_9)
DA:12,1
DA:15,7
DA:16,7
DA:17,7
DA:18,7
DA:21,7
DA:25,7
DA:26,7
DA:28,7
DA:29,4
DA:30,2
DA:31,2
DA:32,2
DA:36,7
DA:38,7
DA:39,0
DA:42,7
DA:44,7
DA:52,60
DA:63,0
DA:68,0
DA:69,0
DA:71,0
DA:72,0
DA:73,0
DA:75,0
DA:76,0
DA:82,20
DA:85,1
DA:88,0
DA:95,55
LF:31
LH:21
BRDA:29,0,0,2
BRDA:29,0,1,2
BRDA:38,1,0,0
BRDA:38,1,1,7
BRDA:44,2,0,4
BRDA:44,2,1,3
BRDA:72,3,0,0
BRDA:72,3,1,0
BRDA:102,4,0,55
BRDA:102,4,1,0
BRF:10
BRH:6
end_of_record
TN:
SF:src\components\AppCart.js
FN:6,(anonymous_0)
FN:8,(anonymous_1)
FN:11,(anonymous_2)
FNF:3
FNH:3
FNDA:3,(anonymous_0)
FNDA:6,(anonymous_1)
FNDA:1,(anonymous_2)
DA:6,1
DA:8,6
DA:9,3
DA:11,3
DA:12,1
DA:16,3
LF:6
LH:6
BRDA:22,0,0,3
BRDA:22,0,1,2
BRDA:24,1,0,3
BRDA:24,1,1,1
BRDA:25,2,0,3
BRDA:25,2,1,1
BRF:6
BRH:6
end_of_record
TN:
SF:src\components\AppHeader.js
FN:7,(anonymous_0)
FN:12,(anonymous_1)
FN:24,(anonymous_2)
FN:39,(anonymous_3)
FNF:4
FNH:3
FNDA:3,(anonymous_0)
FNDA:1,(anonymous_1)
FNDA:6,(anonymous_2)
FNDA:0,(anonymous_3)
DA:7,1
DA:8,3
DA:11,3
DA:12,3
DA:20,3
DA:24,6
DA:26,3
DA:40,0
LF:8
LH:7
BRDA:33,0,0,3
BRDA:33,0,1,0
BRDA:40,1,0,0
BRDA:40,1,1,0
BRF:4
BRH:1
end_of_record
TN:
SF:src\components\Contact.js
FN:1,(anonymous_0)
FNF:1
FNH:1
FNDA:4,(anonymous_0)
DA:1,1
DA:2,4
LF:2
LH:2
BRF:0
BRH:0
end_of_record
TN:
SF:src\components\ItemList.js
FN:6,(anonymous_0)
FN:10,(anonymous_1)
FN:18,(anonymous_2)
FN:27,(anonymous_3)
FNF:4
FNH:4
FNDA:4,(anonymous_0)
FNDA:1,(anonymous_1)
FNDA:11,(anonymous_2)
FNDA:1,(anonymous_3)
DA:6,1
DA:8,4
DA:10,4
DA:12,1
DA:14,4
DA:18,11
DA:27,1
LF:7
LH:7
BRDA:21,0,0,11
BRDA:21,0,1,0
BRF:2
BRH:1
end_of_record
TN:
SF:src\components\RestarantCard.js
FN:8,(anonymous_0)
FN:37,(anonymous_1)
FN:38,(anonymous_2)
FNF:3
FNH:3
FNDA:56,(anonymous_0)
FNDA:8,(anonymous_1)
FNDA:56,(anonymous_2)
DA:8,2
DA:9,56
DA:10,56
DA:16,56
DA:19,56
DA:37,2
DA:38,8
DA:39,56
LF:8
LH:8
BRF:0
BRH:0
end_of_record
TN:
SF:src\components\RestrarauntMenu.js
FN:8,(anonymous_0)
FN:24,(anonymous_1)
FN:27,(anonymous_2)
FN:42,(anonymous_3)
FN:46,(anonymous_4)
FNF:5
FNH:5
FNDA:3,(anonymous_0)
FNDA:22,(anonymous_1)
FNDA:1,(anonymous_2)
FNDA:6,(anonymous_3)
FNDA:1,(anonymous_4)
DA:8,1
DA:9,3
DA:10,3
DA:12,3
DA:15,3
DA:16,3
DA:18,3
DA:20,2
DA:22,2
DA:24,22
DA:27,2
DA:28,1
DA:29,1
DA:32,2
DA:42,6
DA:46,1
LF:16
LH:16
BRDA:18,0,0,1
BRDA:18,0,1,2
BRDA:28,1,0,0
BRDA:28,1,1,1
BRDA:29,2,0,0
BRDA:29,2,1,1
BRDA:45,3,0,6
BRDA:45,3,1,1
BRF:8
BRH:6
end_of_record
TN:
SF:src\utils\appStore.js
FNF:0
FNH:0
DA:4,1
LF:1
LH:1
BRF:0
BRH:0
end_of_record
